* installing *source* package ‘jsonify’ ...
** package ‘jsonify’ successfully unpacked and MD5 sums checked
** using staged installation
** libs
ccache g++ -std=gnu++11 -I"/usr/share/R/include" -DNDEBUG -DSTRICT_R_HEADERS -DBOOST_NO_AUTO_PTR -I"/home/dave/Documents/github/rapidjsonr/revdep/library/jsonify/BH/include" -I"/home/dave/Documents/github/rapidjsonr/revdep/library/rapidjsonr/new/rapidjsonr/include" -I"/home/dave/Documents/github/rapidjsonr/revdep/library/jsonify/Rcpp/include"  -I../inst/include/ -fpic  -g -O2 -fdebug-prefix-map=/build/r-base-V28x5H/r-base-3.6.3=. -fstack-protector-strong -Wformat -Werror=format-security -Wdate-time -D_FORTIFY_SOURCE=2 -g  -c RcppExports.cpp -o RcppExports.o
ccache g++ -std=gnu++11 -I"/usr/share/R/include" -DNDEBUG -DSTRICT_R_HEADERS -DBOOST_NO_AUTO_PTR -I"/home/dave/Documents/github/rapidjsonr/revdep/library/jsonify/BH/include" -I"/home/dave/Documents/github/rapidjsonr/revdep/library/rapidjsonr/new/rapidjsonr/include" -I"/home/dave/Documents/github/rapidjsonr/revdep/library/jsonify/Rcpp/include"  -I../inst/include/ -fpic  -g -O2 -fdebug-prefix-map=/build/r-base-V28x5H/r-base-3.6.3=. -fstack-protector-strong -Wformat -Werror=format-security -Wdate-time -D_FORTIFY_SOURCE=2 -g  -c from_json.cpp -o from_json.o
ccache g++ -std=gnu++11 -I"/usr/share/R/include" -DNDEBUG -DSTRICT_R_HEADERS -DBOOST_NO_AUTO_PTR -I"/home/dave/Documents/github/rapidjsonr/revdep/library/jsonify/BH/include" -I"/home/dave/Documents/github/rapidjsonr/revdep/library/rapidjsonr/new/rapidjsonr/include" -I"/home/dave/Documents/github/rapidjsonr/revdep/library/jsonify/Rcpp/include"  -I../inst/include/ -fpic  -g -O2 -fdebug-prefix-map=/build/r-base-V28x5H/r-base-3.6.3=. -fstack-protector-strong -Wformat -Werror=format-security -Wdate-time -D_FORTIFY_SOURCE=2 -g  -c pretty.cpp -o pretty.o
ccache g++ -std=gnu++11 -I"/usr/share/R/include" -DNDEBUG -DSTRICT_R_HEADERS -DBOOST_NO_AUTO_PTR -I"/home/dave/Documents/github/rapidjsonr/revdep/library/jsonify/BH/include" -I"/home/dave/Documents/github/rapidjsonr/revdep/library/rapidjsonr/new/rapidjsonr/include" -I"/home/dave/Documents/github/rapidjsonr/revdep/library/jsonify/Rcpp/include"  -I../inst/include/ -fpic  -g -O2 -fdebug-prefix-map=/build/r-base-V28x5H/r-base-3.6.3=. -fstack-protector-strong -Wformat -Werror=format-security -Wdate-time -D_FORTIFY_SOURCE=2 -g  -c read_json.cpp -o read_json.o
ccache g++ -std=gnu++11 -I"/usr/share/R/include" -DNDEBUG -DSTRICT_R_HEADERS -DBOOST_NO_AUTO_PTR -I"/home/dave/Documents/github/rapidjsonr/revdep/library/jsonify/BH/include" -I"/home/dave/Documents/github/rapidjsonr/revdep/library/rapidjsonr/new/rapidjsonr/include" -I"/home/dave/Documents/github/rapidjsonr/revdep/library/jsonify/Rcpp/include"  -I../inst/include/ -fpic  -g -O2 -fdebug-prefix-map=/build/r-base-V28x5H/r-base-3.6.3=. -fstack-protector-strong -Wformat -Werror=format-security -Wdate-time -D_FORTIFY_SOURCE=2 -g  -c tests.cpp -o tests.o
ccache g++ -std=gnu++11 -I"/usr/share/R/include" -DNDEBUG -DSTRICT_R_HEADERS -DBOOST_NO_AUTO_PTR -I"/home/dave/Documents/github/rapidjsonr/revdep/library/jsonify/BH/include" -I"/home/dave/Documents/github/rapidjsonr/revdep/library/rapidjsonr/new/rapidjsonr/include" -I"/home/dave/Documents/github/rapidjsonr/revdep/library/jsonify/Rcpp/include"  -I../inst/include/ -fpic  -g -O2 -fdebug-prefix-map=/build/r-base-V28x5H/r-base-3.6.3=. -fstack-protector-strong -Wformat -Werror=format-security -Wdate-time -D_FORTIFY_SOURCE=2 -g  -c to_json.cpp -o to_json.o
ccache g++ -std=gnu++11 -I"/usr/share/R/include" -DNDEBUG -DSTRICT_R_HEADERS -DBOOST_NO_AUTO_PTR -I"/home/dave/Documents/github/rapidjsonr/revdep/library/jsonify/BH/include" -I"/home/dave/Documents/github/rapidjsonr/revdep/library/rapidjsonr/new/rapidjsonr/include" -I"/home/dave/Documents/github/rapidjsonr/revdep/library/jsonify/Rcpp/include"  -I../inst/include/ -fpic  -g -O2 -fdebug-prefix-map=/build/r-base-V28x5H/r-base-3.6.3=. -fstack-protector-strong -Wformat -Werror=format-security -Wdate-time -D_FORTIFY_SOURCE=2 -g  -c validate.cpp -o validate.o
ccache g++ -std=gnu++11 -shared -L/usr/lib/R/lib -Wl,-Bsymbolic-functions -Wl,-z,relro -o jsonify.so RcppExports.o from_json.o pretty.o read_json.o tests.o to_json.o validate.o -L/usr/lib/R/lib -lR
installing to /home/dave/Documents/github/rapidjsonr/revdep/checks/jsonify/new/jsonify.Rcheck/00LOCK-jsonify/00new/jsonify/libs
** R
** inst
** byte-compile and prepare package for lazy loading
** help
*** installing help indices
** building package indices
** installing vignettes
** testing if installed package can be loaded from temporary location
** checking absolute paths in shared objects and dynamic libraries
** testing if installed package can be loaded from final location
** testing if installed package keeps a record of temporary installation path
* DONE (jsonify)
